#! /usr/bin/vvp
:ivl_version "10.1 (stable)";
:ivl_delay_selection "TYPICAL";
:vpi_time_precision - 12;
:vpi_module "system";
:vpi_module "vhdl_sys";
:vpi_module "v2005_math";
:vpi_module "va_math";
S_0x557bec266ec0 .scope module, "circuit_tb" "circuit_tb" 2 4;
 .timescale -9 -12;
v0x557bec2874f0_0 .var "clk", 0 0;
v0x557bec2875b0_0 .var "en", 0 0;
v0x557bec287650_0 .var/i "i", 31 0;
v0x557bec2876f0_0 .var "rst", 0 0;
v0x557bec2877c0_0 .var "x", 31 0;
v0x557bec2878b0_0 .net "y", 31 0, L_0x557bec287980;  1 drivers
E_0x557bec223ba0 .event posedge, v0x557bec2658c0_0;
S_0x557bec267040 .scope module, "c0" "circuit" 2 27, 3 4 0, S_0x557bec266ec0;
 .timescale -9 -12;
    .port_info 0 /INPUT 1 "rst"
    .port_info 1 /INPUT 1 "clk"
    .port_info 2 /INPUT 1 "en"
    .port_info 3 /INPUT 32 "x"
    .port_info 4 /OUTPUT 32 "y"
L_0x557bec287980 .functor BUFZ 32, v0x557bec2871b0_0, C4<00000000000000000000000000000000>, C4<00000000000000000000000000000000>, C4<00000000000000000000000000000000>;
v0x557bec2658c0_0 .net "clk", 0 0, v0x557bec2874f0_0;  1 drivers
v0x557bec265f70_0 .var "cnt", 31 0;
v0x557bec262850_0 .net "en", 0 0, v0x557bec2875b0_0;  1 drivers
v0x557bec262920_0 .var "max", 31 0;
v0x557bec287080_0 .net "rst", 0 0, v0x557bec2876f0_0;  1 drivers
v0x557bec2871b0_0 .var "s_out", 31 0;
v0x557bec287290_0 .net "x", 31 0, v0x557bec2877c0_0;  1 drivers
v0x557bec287370_0 .net "y", 31 0, L_0x557bec287980;  alias, 1 drivers
E_0x557bec25a220 .event edge, v0x557bec287290_0, v0x557bec262920_0, v0x557bec2871b0_0;
E_0x557bec259230 .event posedge, v0x557bec287080_0, v0x557bec2658c0_0;
    .scope S_0x557bec267040;
T_0 ;
    %wait E_0x557bec259230;
    %load/vec4 v0x557bec287080_0;
    %flag_set/vec4 8;
    %jmp/0xz  T_0.0, 8;
    %pushi/vec4 0, 0, 32;
    %assign/vec4 v0x557bec2871b0_0, 0;
    %jmp T_0.1;
T_0.0 ;
    %load/vec4 v0x557bec265f70_0;
    %cmpi/ne 99, 0, 32;
    %jmp/0xz  T_0.2, 4;
    %load/vec4 v0x557bec262920_0;
    %assign/vec4 v0x557bec2871b0_0, 0;
T_0.2 ;
T_0.1 ;
    %jmp T_0;
    .thread T_0;
    .scope S_0x557bec267040;
T_1 ;
    %wait E_0x557bec259230;
    %load/vec4 v0x557bec287080_0;
    %flag_set/vec4 8;
    %jmp/0xz  T_1.0, 8;
    %pushi/vec4 0, 0, 32;
    %assign/vec4 v0x557bec265f70_0, 0;
    %jmp T_1.1;
T_1.0 ;
    %load/vec4 v0x557bec265f70_0;
    %cmpi/ne 99, 0, 32;
    %jmp/0xz  T_1.2, 4;
    %load/vec4 v0x557bec265f70_0;
    %addi 1, 0, 32;
    %assign/vec4 v0x557bec265f70_0, 0;
T_1.2 ;
T_1.1 ;
    %jmp T_1;
    .thread T_1;
    .scope S_0x557bec267040;
T_2 ;
    %wait E_0x557bec25a220;
    %load/vec4 v0x557bec262920_0;
    %load/vec4 v0x557bec287290_0;
    %cmp/u;
    %jmp/0xz  T_2.0, 5;
    %load/vec4 v0x557bec287290_0;
    %store/vec4 v0x557bec262920_0, 0, 32;
    %jmp T_2.1;
T_2.0 ;
    %load/vec4 v0x557bec2871b0_0;
    %store/vec4 v0x557bec262920_0, 0, 32;
T_2.1 ;
    %jmp T_2;
    .thread T_2, $push;
    .scope S_0x557bec266ec0;
T_3 ;
    %pushi/vec4 1, 0, 1;
    %store/vec4 v0x557bec2874f0_0, 0, 1;
    %end;
    .thread T_3;
    .scope S_0x557bec266ec0;
T_4 ;
    %delay 5000, 0;
    %load/vec4 v0x557bec2874f0_0;
    %inv;
    %store/vec4 v0x557bec2874f0_0, 0, 1;
    %jmp T_4;
    .thread T_4;
    .scope S_0x557bec266ec0;
T_5 ;
    %pushi/vec4 0, 0, 1;
    %store/vec4 v0x557bec2876f0_0, 0, 1;
    %end;
    .thread T_5;
    .scope S_0x557bec266ec0;
T_6 ;
    %delay 1000, 0;
    %pushi/vec4 1, 0, 1;
    %store/vec4 v0x557bec2876f0_0, 0, 1;
    %delay 10000, 0;
    %pushi/vec4 0, 0, 1;
    %store/vec4 v0x557bec2876f0_0, 0, 1;
    %end;
    .thread T_6;
    .scope S_0x557bec266ec0;
T_7 ;
    %vpi_call 2 15 "$dumpfile", "circuit.vcd" {0 0 0};
    %vpi_call 2 16 "$dumpvars" {0 0 0};
    %pushi/vec4 1, 0, 1;
    %store/vec4 v0x557bec2875b0_0, 0, 1;
    %pushi/vec4 0, 0, 32;
    %store/vec4 v0x557bec287650_0, 0, 32;
T_7.0 ;
    %load/vec4 v0x557bec287650_0;
    %cmpi/s 100, 0, 32;
    %jmp/0xz T_7.1, 5;
    %wait E_0x557bec223ba0;
    %delay 1000, 0;
    %vpi_func 2 19 "$random" 32 {0 0 0};
    %store/vec4 v0x557bec2877c0_0, 0, 32;
    %wait E_0x557bec223ba0;
    %delay 1000, 0;
    %vpi_call 2 20 "$write", "Max Number: %d\012", v0x557bec2878b0_0 {0 0 0};
    %load/vec4 v0x557bec287650_0;
    %addi 1, 0, 32;
    %store/vec4 v0x557bec287650_0, 0, 32;
    %jmp T_7.0;
T_7.1 ;
    %wait E_0x557bec223ba0;
    %delay 200000, 0;
    %vpi_call 2 23 "$finish" {0 0 0};
    %end;
    .thread T_7;
# The file index is used to find the file name in the following table.
:file_names 4;
    "N/A";
    "<interactive>";
    "circuit_tb.v";
    "circuit.v";
